0 silly argv {
0 silly argv   _: [ 'version' ],
0 silly argv   'conventional-commits': true,
0 silly argv   conventionalCommits: true,
0 silly argv   'force-publish': true,
0 silly argv   forcePublish: true,
0 silly argv   lernaVersion: '3.15.0',
0 silly argv   '$0': 'lerna',
0 silly argv   bump: 'prepatch'
0 silly argv }
1 notice cli v3.15.0
2 verbose rootPath /Users/niminjie/workspace/github/test-lerna
3 info current version 0.1.1-alpha.0
4 silly isAnythingCommitted
5 verbose isAnythingCommitted 1
6 silly currentBranch
7 verbose currentBranch master
8 silly remoteBranchExists
9 silly isBehindUpstream
10 silly isBehindUpstream master is behind origin/master by 0 commit(s) and ahead by 0
11 silly hasTags
12 verbose hasTags true
13 silly git-describe.sync "v0.1.1-alpha.0-1-gc87b6b9-dirty" => {"lastTagName":"v0.1.1-alpha.0","lastVersion":"v0.1.1-alpha.0","refCount":"1","sha":"c87b6b9","isDirty":true}
14 warn force-publish all packages
15 info Assuming all packages changed
16 verbose updated lerna-p-a
17 verbose updated lerna-p-b
18 verbose updated c
19 info execute Skipping releases
20 silly lifecycle No script for "preversion" in "root", continuing
21 silly lifecycle No script for "preversion" in "lerna-p-a", continuing
22 silly lifecycle No script for "preversion" in "lerna-p-b", continuing
23 silly lifecycle No script for "preversion" in "c", continuing
24 silly lifecycle No script for "version" in "c", continuing
25 silly fixed for c at /Users/niminjie/workspace/github/test-lerna/packages/C
26 verbose getChangelogConfig using preset "conventional-changelog-angular"
27 silly npa {
27 silly npa   type: 'tag',
27 silly npa   registry: true,
27 silly npa   where: undefined,
27 silly npa   raw: 'conventional-changelog-angular',
27 silly npa   name: 'conventional-changelog-angular',
27 silly npa   escapedName: 'conventional-changelog-angular',
27 silly npa   scope: undefined,
27 silly npa   rawSpec: '',
27 silly npa   saveSpec: null,
27 silly npa   fetchSpec: 'latest',
27 silly npa   gitRange: undefined,
27 silly npa   gitCommittish: undefined,
27 silly npa   hosted: undefined
27 silly npa }
28 verbose getChangelogConfig Attempting to resolve preset "conventional-changelog-angular"
29 info getChangelogConfig Successfully resolved preset "conventional-changelog-angular"
30 silly lifecycle No script for "version" in "lerna-p-b", continuing
31 silly fixed for lerna-p-b at /Users/niminjie/workspace/github/test-lerna/packages/B
32 silly lifecycle No script for "version" in "lerna-p-a", continuing
33 silly fixed for lerna-p-a at /Users/niminjie/workspace/github/test-lerna/packages/A
34 silly fixed writing new entry: "## [0.1.2-alpha.0](https://github.com/erraX/test-lerna/compare/v0.1.1-alpha.0...v0.1.2-alpha.0) (2020-03-18)\n\n**Note:** Version bump only for package c\n\n\n\n"
35 silly fixed writing new entry: "## [0.1.2-alpha.0](https://github.com/erraX/test-lerna/compare/v0.1.1-alpha.0...v0.1.2-alpha.0) (2020-03-18)\n\n**Note:** Version bump only for package lerna-p-b\n\n\n\n"
36 verbose fixed wrote /Users/niminjie/workspace/github/test-lerna/packages/C/CHANGELOG.md
37 silly fixed writing new entry: "## [0.1.2-alpha.0](https://github.com/erraX/test-lerna/compare/v0.1.1-alpha.0...v0.1.2-alpha.0) (2020-03-18)\n\n**Note:** Version bump only for package lerna-p-a\n\n\n\n"
38 verbose fixed wrote /Users/niminjie/workspace/github/test-lerna/packages/B/CHANGELOG.md
39 verbose fixed wrote /Users/niminjie/workspace/github/test-lerna/packages/A/CHANGELOG.md
40 silly root for root at /Users/niminjie/workspace/github/test-lerna
41 silly root writing new entry: "## [0.1.2-alpha.0](https://github.com/erraX/test-lerna/compare/v0.1.1-alpha.0...v0.1.2-alpha.0) (2020-03-18)\n\n**Note:** Version bump only for package root\n\n\n\n"
42 verbose root wrote /Users/niminjie/workspace/github/test-lerna/CHANGELOG.md
43 silly lifecycle No script for "version" in "root", continuing
44 silly gitAdd [
44 silly gitAdd   '/Users/niminjie/workspace/github/test-lerna/packages/C/package.json',
44 silly gitAdd   '/Users/niminjie/workspace/github/test-lerna/packages/B/package.json',
44 silly gitAdd   '/Users/niminjie/workspace/github/test-lerna/packages/A/package.json',
44 silly gitAdd   '/Users/niminjie/workspace/github/test-lerna/packages/C/CHANGELOG.md',
44 silly gitAdd   '/Users/niminjie/workspace/github/test-lerna/packages/B/CHANGELOG.md',
44 silly gitAdd   '/Users/niminjie/workspace/github/test-lerna/packages/A/CHANGELOG.md',
44 silly gitAdd   '/Users/niminjie/workspace/github/test-lerna/CHANGELOG.md',
44 silly gitAdd   '/Users/niminjie/workspace/github/test-lerna/lerna.json'
44 silly gitAdd ]
45 silly gitCommit chore(release): publish v0.1.2-alpha.0
46 verbose git [ 'commit', '-m', 'chore(release): publish v0.1.2-alpha.0' ]
47 silly gitTag v0.1.2-alpha.0
48 verbose git [ 'tag', 'v0.1.2-alpha.0', '-m', 'v0.1.2-alpha.0' ]
49 error Error: Command failed: git tag v0.1.2-alpha.0 -m v0.1.2-alpha.0
49 error fatal: tag 'v0.1.2-alpha.0' already exists
49 error
49 error     at makeError (/usr/local/lib/node_modules/lerna/node_modules/execa/index.js:174:9)
49 error     at /usr/local/lib/node_modules/lerna/node_modules/execa/index.js:278:16
49 error     at processTicksAndRejections (internal/process/task_queues.js:93:5)
